#-----------------------------------------------------------
# Vivado v2019.1 (64-bit)
# SW Build 2552052 on Fri May 24 14:49:42 MDT 2019
# IP Build 2548770 on Fri May 24 18:01:18 MDT 2019
# Start of session at: Tue Jan 10 21:47:46 2023
# Process ID: 15640
# Current directory: C:/Users/miche/OneDrive/Desktop/crossbarZynq/axiCrossBar
# Command line: vivado.exe -gui_launcher_event rodinguilauncherevent14232 C:\Users\miche\OneDrive\Desktop\crossbarZynq\axiCrossBar\axiCrossBar.xpr
# Log file: C:/Users/miche/OneDrive/Desktop/crossbarZynq/axiCrossBar/vivado.log
# Journal file: C:/Users/miche/OneDrive/Desktop/crossbarZynq/axiCrossBar\vivado.jou
#-----------------------------------------------------------
start_gui
open_project C:/Users/miche/OneDrive/Desktop/crossbarZynq/axiCrossBar/axiCrossBar.xpr
INFO: [Project 1-313] Project file moved from 'D:/HANIN/ROB307/crossbarZynq/axiCrossBar' since last save.
Scanning sources...
Finished scanning sources
INFO: [IP_Flow 19-234] Refreshing IP repositories
INFO: [IP_Flow 19-1700] Loaded user IP repository 'c:/Users/miche/OneDrive/Desktop/crossbarZynq/ip_repo/myipAxi4_1.0'.
INFO: [IP_Flow 19-2313] Loaded Vivado IP repository 'C:/Xilinx/Vivado/2019.1/data/ip'.
open_project: Time (s): cpu = 00:00:30 ; elapsed = 00:00:14 . Memory (MB): peak = 756.344 ; gain = 89.867
update_compile_order -fileset sources_1
open_bd_design {C:/Users/miche/OneDrive/Desktop/crossbarZynq/axiCrossBar/axiCrossBar.srcs/sources_1/bd/design_1/design_1.bd}
Adding component instance block -- cea.fr:user:myipAxi4:1.0 - myipAxi4_0
Adding component instance block -- cea.fr:user:myipAxi4:1.0 - myipAxi4_1
Adding component instance block -- cea.fr:user:myipAxi4:1.0 - myipAxi4_2
Adding component instance block -- xilinx.com:ip:processing_system7:5.5 - processing_system7_0
Adding component instance block -- xilinx.com:ip:proc_sys_reset:5.0 - rst_ps7_0_100M
Adding component instance block -- xilinx.com:ip:axi_bram_ctrl:4.1 - axi_bram_ctrl_1
Adding component instance block -- xilinx.com:ip:axi_bram_ctrl:4.1 - axi_bram_ctrl_0
Adding component instance block -- xilinx.com:ip:axi_bram_ctrl:4.1 - axi_bram_ctrl_2
Adding component instance block -- xilinx.com:ip:axi_bram_ctrl:4.1 - axi_bram_ctrl_3
Adding component instance block -- xilinx.com:ip:axi_bram_ctrl:4.1 - axi_bram_ctrl_4
Adding component instance block -- xilinx.com:ip:axi_bram_ctrl:4.1 - axi_bram_ctrl_5
Adding component instance block -- xilinx.com:ip:axi_crossbar:2.1 - axi_crossbar_0
Adding component instance block -- xilinx.com:ip:axi_gpio:2.0 - axi_gpio_0
Adding component instance block -- xilinx.com:ip:blk_mem_gen:8.4 - blk_mem_gen_0
Adding component instance block -- xilinx.com:ip:blk_mem_gen:8.4 - blk_mem_gen_1
Adding component instance block -- xilinx.com:ip:blk_mem_gen:8.4 - blk_mem_gen_2
Adding component instance block -- xilinx.com:ip:axi_interconnect:2.1 - ps7_0_axi_periph
Adding component instance block -- xilinx.com:ip:axi_crossbar:2.1 - xbar
Adding component instance block -- xilinx.com:ip:axi_protocol_converter:2.1 - auto_pc
Adding component instance block -- xilinx.com:ip:axi_protocol_converter:2.1 - auto_pc
Successfully read diagram <design_1> from BD file <C:/Users/miche/OneDrive/Desktop/crossbarZynq/axiCrossBar/axiCrossBar.srcs/sources_1/bd/design_1/design_1.bd>
open_bd_design: Time (s): cpu = 00:00:18 ; elapsed = 00:00:15 . Memory (MB): peak = 882.809 ; gain = 87.863
reset_run impl_1 -prev_step 
launch_runs impl_1 -to_step write_bitstream -jobs 4
[Tue Jan 10 21:49:11 2023] Launched impl_1...
Run output will be captured here: C:/Users/miche/OneDrive/Desktop/crossbarZynq/axiCrossBar/axiCrossBar.runs/impl_1/runme.log
open_run impl_1
INFO: [Device 21-403] Loading part xc7z020clg484-1
INFO: [Netlist 29-17] Analyzing 203 Unisim elements for replacement
INFO: [Netlist 29-28] Unisim Transformation completed in 0 CPU seconds
INFO: [Project 1-479] Netlist was created with Vivado 2019.1
INFO: [Project 1-570] Preparing netlist for logic optimization
INFO: [Timing 38-478] Restoring timing data from binary archive.
INFO: [Timing 38-479] Binary timing data restore complete.
INFO: [Project 1-856] Restoring constraints from binary archive.
INFO: [Project 1-853] Binary constraint restore complete.
Reading XDEF placement.
Reading placer database...
Reading XDEF routing.
Read XDEF File: Time (s): cpu = 00:00:02 ; elapsed = 00:00:02 . Memory (MB): peak = 1896.996 ; gain = 0.000
Restored from archive | CPU: 2.000000 secs | Memory: 0.000000 MB |
Finished XDEF File Restore: Time (s): cpu = 00:00:02 ; elapsed = 00:00:02 . Memory (MB): peak = 1896.996 ; gain = 0.000
Generating merged BMM file for the design top 'design_1_wrapper'...
Netlist sorting complete. Time (s): cpu = 00:00:00 ; elapsed = 00:00:00.007 . Memory (MB): peak = 1896.996 ; gain = 0.000
INFO: [Project 1-111] Unisim Transformation Summary:
  A total of 17 instances were transformed.
  SRLC32E => SRL16E: 17 instances

open_run: Time (s): cpu = 00:00:52 ; elapsed = 00:00:39 . Memory (MB): peak = 2050.172 ; gain = 1052.480
open_report: Time (s): cpu = 00:00:12 ; elapsed = 00:00:09 . Memory (MB): peak = 2050.172 ; gain = 0.000
open_bd_design {C:/Users/miche/OneDrive/Desktop/crossbarZynq/axiCrossBar/axiCrossBar.srcs/sources_1/bd/design_1/design_1.bd}
file copy -force C:/Users/miche/OneDrive/Desktop/crossbarZynq/axiCrossBar/axiCrossBar.runs/impl_1/design_1_wrapper.sysdef C:/Users/miche/OneDrive/Desktop/crossbarZynq/axiCrossBar/axiCrossBar.sdk/design_1_wrapper.hdf

launch_sdk -workspace C:/Users/miche/OneDrive/Desktop/crossbarZynq/axiCrossBar/axiCrossBar.sdk -hwspec C:/Users/miche/OneDrive/Desktop/crossbarZynq/axiCrossBar/axiCrossBar.sdk/design_1_wrapper.hdf
INFO: [Vivado 12-393] Launching SDK...
INFO: [Vivado 12-417] Running xsdk -workspace C:/Users/miche/OneDrive/Desktop/crossbarZynq/axiCrossBar/axiCrossBar.sdk -hwspec C:/Users/miche/OneDrive/Desktop/crossbarZynq/axiCrossBar/axiCrossBar.sdk/design_1_wrapper.hdf
INFO: [Vivado 12-3157] SDK launch initiated. Please check console for any further messages.
open_hw
reset_run impl_1 -prev_step 
launch_runs impl_1 -to_step write_bitstream -jobs 4
[Wed Jan 11 00:43:40 2023] Launched impl_1...
Run output will be captured here: C:/Users/miche/OneDrive/Desktop/crossbarZynq/axiCrossBar/axiCrossBar.runs/impl_1/runme.log
open_bd_design {C:/Users/miche/OneDrive/Desktop/crossbarZynq/axiCrossBar/axiCrossBar.srcs/sources_1/bd/design_1/design_1.bd}
file copy -force C:/Users/miche/OneDrive/Desktop/crossbarZynq/axiCrossBar/axiCrossBar.runs/impl_1/design_1_wrapper.sysdef C:/Users/miche/OneDrive/Desktop/crossbarZynq/axiCrossBar/axiCrossBar.sdk/design_1_wrapper.hdf

launch_sdk -workspace C:/Users/miche/OneDrive/Desktop/crossbarZynq/axiCrossBar/axiCrossBar.sdk -hwspec C:/Users/miche/OneDrive/Desktop/crossbarZynq/axiCrossBar/axiCrossBar.sdk/design_1_wrapper.hdf
INFO: [Vivado 12-393] Launching SDK...
INFO: [Vivado 12-417] Running xsdk -workspace C:/Users/miche/OneDrive/Desktop/crossbarZynq/axiCrossBar/axiCrossBar.sdk -hwspec C:/Users/miche/OneDrive/Desktop/crossbarZynq/axiCrossBar/axiCrossBar.sdk/design_1_wrapper.hdf
INFO: [Vivado 12-3157] SDK launch initiated. Please check console for any further messages.
exit
INFO: [Common 17-206] Exiting Vivado at Wed Jan 11 00:52:19 2023...
