#-----------------------------------------------------------
# Vivado v2019.1 (64-bit)
# SW Build 2552052 on Fri May 24 14:49:42 MDT 2019
# IP Build 2548770 on Fri May 24 18:01:18 MDT 2019
# Start of session at: Tue Jan 10 21:44:32 2023
# Process ID: 5648
# Current directory: C:/Users/miche/Downloads/ROB307_Drone utilisation agriculture-20210129T200811Z-001/ROB307_Drone utilisation agriculture/NOC_Hanine/NOC3_3/crossbar+zynq/crossbarZynq/axiCrossBar
# Command line: vivado.exe -gui_launcher_event rodinguilauncherevent19660 C:\Users\miche\Downloads\ROB307_Drone utilisation agriculture-20210129T200811Z-001\ROB307_Drone utilisation agriculture\NOC_Hanine\NOC3_3\crossbar+zynq\crossbarZynq\axiCrossBar\axiCrossBar.xpr
# Log file: C:/Users/miche/Downloads/ROB307_Drone utilisation agriculture-20210129T200811Z-001/ROB307_Drone utilisation agriculture/NOC_Hanine/NOC3_3/crossbar+zynq/crossbarZynq/axiCrossBar/vivado.log
# Journal file: C:/Users/miche/Downloads/ROB307_Drone utilisation agriculture-20210129T200811Z-001/ROB307_Drone utilisation agriculture/NOC_Hanine/NOC3_3/crossbar+zynq/crossbarZynq/axiCrossBar\vivado.jou
#-----------------------------------------------------------
start_gui
open_project {C:/Users/miche/Downloads/ROB307_Drone utilisation agriculture-20210129T200811Z-001/ROB307_Drone utilisation agriculture/NOC_Hanine/NOC3_3/crossbar+zynq/crossbarZynq/axiCrossBar/axiCrossBar.xpr}
INFO: [ProjectBase 1-489] The host OS only allows 260 characters in a normal path. The project is stored in a path with more than 80 characters. If you experience issues with IP, Block Designs, or files not being found, please consider moving the project to a location with a shorter path. Alternately consider using the OS subst command to map part of the path to a drive letter.
Current project path is 'C:/Users/miche/Downloads/ROB307_Drone utilisation agriculture-20210129T200811Z-001/ROB307_Drone utilisation agriculture/NOC_Hanine/NOC3_3/crossbar+zynq/crossbarZynq/axiCrossBar'
INFO: [Project 1-313] Project file moved from 'D:/HANIN/ROB307/crossbarZynq/axiCrossBar' since last save.
Scanning sources...
Finished scanning sources
INFO: [IP_Flow 19-234] Refreshing IP repositories
INFO: [IP_Flow 19-1700] Loaded user IP repository 'c:/Users/miche/Downloads/ROB307_Drone utilisation agriculture-20210129T200811Z-001/ROB307_Drone utilisation agriculture/NOC_Hanine/NOC3_3/crossbar+zynq/crossbarZynq/ip_repo/myipAxi4_1.0'.
INFO: [IP_Flow 19-2313] Loaded Vivado IP repository 'C:/Xilinx/Vivado/2019.1/data/ip'.
WARNING: [IP_Flow 19-3664] IP 'design_1_xbar_0' generated file not found 'c:/Users/miche/Downloads/ROB307_Drone utilisation agriculture-20210129T200811Z-001/ROB307_Drone utilisation agriculture/NOC_Hanine/NOC3_3/crossbar+zynq/crossbarZynq/axiCrossBar/axiCrossBar.srcs/sources_1/bd/design_1/ipshared/b752/hdl/generic_baseblocks_v2_1_vl_rfs.v'. Please regenerate to continue.
WARNING: [IP_Flow 19-3664] IP 'design_1_xbar_0' generated file not found 'c:/Users/miche/Downloads/ROB307_Drone utilisation agriculture-20210129T200811Z-001/ROB307_Drone utilisation agriculture/NOC_Hanine/NOC3_3/crossbar+zynq/crossbarZynq/axiCrossBar/axiCrossBar.srcs/sources_1/bd/design_1/ipshared/ec67/hdl/axi_infrastructure_v1_1_0.vh'. Please regenerate to continue.
WARNING: [IP_Flow 19-3664] IP 'design_1_xbar_0' generated file not found 'c:/Users/miche/Downloads/ROB307_Drone utilisation agriculture-20210129T200811Z-001/ROB307_Drone utilisation agriculture/NOC_Hanine/NOC3_3/crossbar+zynq/crossbarZynq/axiCrossBar/axiCrossBar.srcs/sources_1/bd/design_1/ipshared/ec67/hdl/axi_infrastructure_v1_1_vl_rfs.v'. Please regenerate to continue.
WARNING: [IP_Flow 19-3664] IP 'design_1_xbar_0' generated file not found 'c:/Users/miche/Downloads/ROB307_Drone utilisation agriculture-20210129T200811Z-001/ROB307_Drone utilisation agriculture/NOC_Hanine/NOC3_3/crossbar+zynq/crossbarZynq/axiCrossBar/axiCrossBar.srcs/sources_1/bd/design_1/ipshared/4d88/hdl/axi_register_slice_v2_1_vl_rfs.v'. Please regenerate to continue.
WARNING: [IP_Flow 19-3664] IP 'design_1_xbar_0' generated file not found 'c:/Users/miche/Downloads/ROB307_Drone utilisation agriculture-20210129T200811Z-001/ROB307_Drone utilisation agriculture/NOC_Hanine/NOC3_3/crossbar+zynq/crossbarZynq/axiCrossBar/axiCrossBar.srcs/sources_1/bd/design_1/ipshared/c001/hdl/blk_mem_gen_v8_4_vhsyn_rfs.vhd'. Please regenerate to continue.
WARNING: [IP_Flow 19-3664] IP 'design_1_xbar_0' generated file not found 'c:/Users/miche/Downloads/ROB307_Drone utilisation agriculture-20210129T200811Z-001/ROB307_Drone utilisation agriculture/NOC_Hanine/NOC3_3/crossbar+zynq/crossbarZynq/axiCrossBar/axiCrossBar.srcs/sources_1/bd/design_1/ipshared/1f5a/hdl/fifo_generator_v13_2_vhsyn_rfs.vhd'. Please regenerate to continue.
WARNING: [IP_Flow 19-3664] IP 'design_1_xbar_0' generated file not found 'c:/Users/miche/Downloads/ROB307_Drone utilisation agriculture-20210129T200811Z-001/ROB307_Drone utilisation agriculture/NOC_Hanine/NOC3_3/crossbar+zynq/crossbarZynq/axiCrossBar/axiCrossBar.srcs/sources_1/bd/design_1/ipshared/5b9c/hdl/axi_data_fifo_v2_1_vl_rfs.v'. Please regenerate to continue.
WARNING: [IP_Flow 19-3664] IP 'design_1_xbar_0' generated file not found 'c:/Users/miche/Downloads/ROB307_Drone utilisation agriculture-20210129T200811Z-001/ROB307_Drone utilisation agriculture/NOC_Hanine/NOC3_3/crossbar+zynq/crossbarZynq/axiCrossBar/axiCrossBar.srcs/sources_1/bd/design_1/ipshared/ace7/hdl/axi_crossbar_v2_1_vl_rfs.v'. Please regenerate to continue.
WARNING: [IP_Flow 19-3664] IP 'design_1_xbar_0' generated file not found 'c:/Users/miche/Downloads/ROB307_Drone utilisation agriculture-20210129T200811Z-001/ROB307_Drone utilisation agriculture/NOC_Hanine/NOC3_3/crossbar+zynq/crossbarZynq/axiCrossBar/axiCrossBar.srcs/sources_1/bd/design_1/ipshared/b752/hdl/generic_baseblocks_v2_1_vl_rfs.v'. Please regenerate to continue.
WARNING: [IP_Flow 19-3664] IP 'design_1_xbar_0' generated file not found 'c:/Users/miche/Downloads/ROB307_Drone utilisation agriculture-20210129T200811Z-001/ROB307_Drone utilisation agriculture/NOC_Hanine/NOC3_3/crossbar+zynq/crossbarZynq/axiCrossBar/axiCrossBar.srcs/sources_1/bd/design_1/ipshared/ec67/hdl/axi_infrastructure_v1_1_0.vh'. Please regenerate to continue.
WARNING: [IP_Flow 19-3664] IP 'design_1_xbar_0' generated file not found 'c:/Users/miche/Downloads/ROB307_Drone utilisation agriculture-20210129T200811Z-001/ROB307_Drone utilisation agriculture/NOC_Hanine/NOC3_3/crossbar+zynq/crossbarZynq/axiCrossBar/axiCrossBar.srcs/sources_1/bd/design_1/ipshared/ec67/hdl/axi_infrastructure_v1_1_vl_rfs.v'. Please regenerate to continue.
WARNING: [IP_Flow 19-3664] IP 'design_1_xbar_0' generated file not found 'c:/Users/miche/Downloads/ROB307_Drone utilisation agriculture-20210129T200811Z-001/ROB307_Drone utilisation agriculture/NOC_Hanine/NOC3_3/crossbar+zynq/crossbarZynq/axiCrossBar/axiCrossBar.srcs/sources_1/bd/design_1/ipshared/4d88/hdl/axi_register_slice_v2_1_vl_rfs.v'. Please regenerate to continue.
WARNING: [IP_Flow 19-3664] IP 'design_1_xbar_0' generated file not found 'c:/Users/miche/Downloads/ROB307_Drone utilisation agriculture-20210129T200811Z-001/ROB307_Drone utilisation agriculture/NOC_Hanine/NOC3_3/crossbar+zynq/crossbarZynq/axiCrossBar/axiCrossBar.srcs/sources_1/bd/design_1/ipshared/1f5a/simulation/fifo_generator_vlog_beh.v'. Please regenerate to continue.
WARNING: [IP_Flow 19-3664] IP 'design_1_xbar_0' generated file not found 'c:/Users/miche/Downloads/ROB307_Drone utilisation agriculture-20210129T200811Z-001/ROB307_Drone utilisation agriculture/NOC_Hanine/NOC3_3/crossbar+zynq/crossbarZynq/axiCrossBar/axiCrossBar.srcs/sources_1/bd/design_1/ipshared/1f5a/hdl/fifo_generator_v13_2_rfs.vhd'. Please regenerate to continue.
WARNING: [IP_Flow 19-3664] IP 'design_1_xbar_0' generated file not found 'c:/Users/miche/Downloads/ROB307_Drone utilisation agriculture-20210129T200811Z-001/ROB307_Drone utilisation agriculture/NOC_Hanine/NOC3_3/crossbar+zynq/crossbarZynq/axiCrossBar/axiCrossBar.srcs/sources_1/bd/design_1/ipshared/1f5a/hdl/fifo_generator_v13_2_rfs.v'. Please regenerate to continue.
WARNING: [IP_Flow 19-3664] IP 'design_1_xbar_0' generated file not found 'c:/Users/miche/Downloads/ROB307_Drone utilisation agriculture-20210129T200811Z-001/ROB307_Drone utilisation agriculture/NOC_Hanine/NOC3_3/crossbar+zynq/crossbarZynq/axiCrossBar/axiCrossBar.srcs/sources_1/bd/design_1/ipshared/5b9c/hdl/axi_data_fifo_v2_1_vl_rfs.v'. Please regenerate to continue.
WARNING: [IP_Flow 19-3664] IP 'design_1_xbar_0' generated file not found 'c:/Users/miche/Downloads/ROB307_Drone utilisation agriculture-20210129T200811Z-001/ROB307_Drone utilisation agriculture/NOC_Hanine/NOC3_3/crossbar+zynq/crossbarZynq/axiCrossBar/axiCrossBar.srcs/sources_1/bd/design_1/ipshared/ace7/hdl/axi_crossbar_v2_1_vl_rfs.v'. Please regenerate to continue.
open_project: Time (s): cpu = 00:00:31 ; elapsed = 00:00:13 . Memory (MB): peak = 762.883 ; gain = 133.762
update_compile_order -fileset sources_1
open_bd_design {C:/Users/miche/Downloads/ROB307_Drone utilisation agriculture-20210129T200811Z-001/ROB307_Drone utilisation agriculture/NOC_Hanine/NOC3_3/crossbar+zynq/crossbarZynq/axiCrossBar/axiCrossBar.srcs/sources_1/bd/design_1/design_1.bd}
Adding component instance block -- cea.fr:user:myipAxi4:1.0 - myipAxi4_0
INFO: [BD 41-434] Could not find an IP with XCI file by name: design_1_myipAxi4_0_1 
ERROR: [Common 17-680] Path length exceeds 260-Byte maximum allowed by Windows: c:/Users/miche/Downloads/ROB307_Drone utilisation agriculture-20210129T200811Z-001/ROB307_Drone utilisation agriculture/NOC_Hanine/NOC3_3/crossbar+zynq/crossbarZynq/axiCrossBar/axiCrossBar.srcs/sources_1/bd/design_1/ip/design_1_myipAxi4_0_0/design_1_myipAxi4_0_0.xci
Please consider using the OS subst command to shorten the path length by mapping part of the path to a virtual drive letter. See Answer Record AR52787 for more information.
Resolution: In Windows 7 or later, the mklink command can also be used to create a symbolic link and shorten the path.
CRITICAL WARNING: [IP_Flow 19-196] Failed to save XCI file 'c:/Users/miche/Downloads/ROB307_Drone utilisation agriculture-20210129T200811Z-001/ROB307_Drone utilisation agriculture/NOC_Hanine/NOC3_3/crossbar+zynq/crossbarZynq/axiCrossBar/axiCrossBar.srcs/sources_1/bd/design_1/ip/design_1_myipAxi4_0_0/design_1_myipAxi4_0_0.xci'.
CRITICAL WARNING: [IP_Flow 19-194] Failed to save IP instance 'design_1_myipAxi4_0_0'.
Adding component instance block -- cea.fr:user:myipAxi4:1.0 - myipAxi4_1
INFO: [BD 41-434] Could not find an IP with XCI file by name: design_1_myipAxi4_1_0 
ERROR: [Common 17-680] Path length exceeds 260-Byte maximum allowed by Windows: c:/Users/miche/Downloads/ROB307_Drone utilisation agriculture-20210129T200811Z-001/ROB307_Drone utilisation agriculture/NOC_Hanine/NOC3_3/crossbar+zynq/crossbarZynq/axiCrossBar/axiCrossBar.srcs/sources_1/bd/design_1/ip/design_1_myipAxi4_1_0_1/design_1_myipAxi4_1_0.xci
Please consider using the OS subst command to shorten the path length by mapping part of the path to a virtual drive letter. See Answer Record AR52787 for more information.
Resolution: In Windows 7 or later, the mklink command can also be used to create a symbolic link and shorten the path.
CRITICAL WARNING: [IP_Flow 19-196] Failed to save XCI file 'c:/Users/miche/Downloads/ROB307_Drone utilisation agriculture-20210129T200811Z-001/ROB307_Drone utilisation agriculture/NOC_Hanine/NOC3_3/crossbar+zynq/crossbarZynq/axiCrossBar/axiCrossBar.srcs/sources_1/bd/design_1/ip/design_1_myipAxi4_1_0_1/design_1_myipAxi4_1_0.xci'.
CRITICAL WARNING: [IP_Flow 19-194] Failed to save IP instance 'design_1_myipAxi4_1_0'.
Adding component instance block -- cea.fr:user:myipAxi4:1.0 - myipAxi4_2
INFO: [BD 41-434] Could not find an IP with XCI file by name: design_1_myipAxi4_2_0 
ERROR: [Common 17-680] Path length exceeds 260-Byte maximum allowed by Windows: c:/Users/miche/Downloads/ROB307_Drone utilisation agriculture-20210129T200811Z-001/ROB307_Drone utilisation agriculture/NOC_Hanine/NOC3_3/crossbar+zynq/crossbarZynq/axiCrossBar/axiCrossBar.srcs/sources_1/bd/design_1/ip/design_1_myipAxi4_2_0_1/design_1_myipAxi4_2_0.xci
Please consider using the OS subst command to shorten the path length by mapping part of the path to a virtual drive letter. See Answer Record AR52787 for more information.
Resolution: In Windows 7 or later, the mklink command can also be used to create a symbolic link and shorten the path.
CRITICAL WARNING: [IP_Flow 19-196] Failed to save XCI file 'c:/Users/miche/Downloads/ROB307_Drone utilisation agriculture-20210129T200811Z-001/ROB307_Drone utilisation agriculture/NOC_Hanine/NOC3_3/crossbar+zynq/crossbarZynq/axiCrossBar/axiCrossBar.srcs/sources_1/bd/design_1/ip/design_1_myipAxi4_2_0_1/design_1_myipAxi4_2_0.xci'.
CRITICAL WARNING: [IP_Flow 19-194] Failed to save IP instance 'design_1_myipAxi4_2_0'.
Adding component instance block -- xilinx.com:ip:processing_system7:5.5 - processing_system7_0
INFO: [BD 41-434] Could not find an IP with XCI file by name: design_1_processing_system7_0_0 
ERROR: [Common 17-680] Path length exceeds 248-Byte maximum allowed by Windows: c:/Users/miche/Downloads/ROB307_Drone utilisation agriculture-20210129T200811Z-001/ROB307_Drone utilisation agriculture/NOC_Hanine/NOC3_3/crossbar+zynq/crossbarZynq/axiCrossBar/axiCrossBar.srcs/sources_1/bd/design_1/ip/design_1_processing_system7_0_0_1
Please consider using the OS subst command to shorten the path length by mapping part of the path to a virtual drive letter. See Answer Record AR52787 for more information.
Resolution: In Windows 7 or later, the mklink command can also be used to create a symbolic link and shorten the path.
open_bd_design: Time (s): cpu = 00:00:13 ; elapsed = 00:00:13 . Memory (MB): peak = 845.918 ; gain = 38.336
ERROR: [Common 17-39] 'open_bd_design' failed due to earlier errors.
open_bd_design {C:/Users/miche/Downloads/ROB307_Drone utilisation agriculture-20210129T200811Z-001/ROB307_Drone utilisation agriculture/NOC_Hanine/NOC3_3/crossbar+zynq/crossbarZynq/axiCrossBar/axiCrossBar.srcs/sources_1/bd/design_1/design_1.bd}
Adding component instance block -- cea.fr:user:myipAxi4:1.0 - myipAxi4_0
INFO: [BD 41-434] Could not find an IP with XCI file by name: design_1_myipAxi4_0_1 
ERROR: [Common 17-680] Path length exceeds 260-Byte maximum allowed by Windows: c:/Users/miche/Downloads/ROB307_Drone utilisation agriculture-20210129T200811Z-001/ROB307_Drone utilisation agriculture/NOC_Hanine/NOC3_3/crossbar+zynq/crossbarZynq/axiCrossBar/axiCrossBar.srcs/sources_1/bd/design_1/ip/design_1_myipAxi4_0_1_1/design_1_myipAxi4_0_1.xci
Please consider using the OS subst command to shorten the path length by mapping part of the path to a virtual drive letter. See Answer Record AR52787 for more information.
Resolution: In Windows 7 or later, the mklink command can also be used to create a symbolic link and shorten the path.
CRITICAL WARNING: [IP_Flow 19-196] Failed to save XCI file 'c:/Users/miche/Downloads/ROB307_Drone utilisation agriculture-20210129T200811Z-001/ROB307_Drone utilisation agriculture/NOC_Hanine/NOC3_3/crossbar+zynq/crossbarZynq/axiCrossBar/axiCrossBar.srcs/sources_1/bd/design_1/ip/design_1_myipAxi4_0_1_1/design_1_myipAxi4_0_1.xci'.
CRITICAL WARNING: [IP_Flow 19-194] Failed to save IP instance 'design_1_myipAxi4_0_1'.
Adding component instance block -- cea.fr:user:myipAxi4:1.0 - myipAxi4_1
Adding component instance block -- cea.fr:user:myipAxi4:1.0 - myipAxi4_2
Adding component instance block -- xilinx.com:ip:processing_system7:5.5 - processing_system7_0
Adding component instance block -- xilinx.com:ip:proc_sys_reset:5.0 - rst_ps7_0_100M
INFO: [BD 41-434] Could not find an IP with XCI file by name: design_1_rst_ps7_0_100M_0 
INFO: [Ipptcl 7-1463] No Compatible Board Interface found. Board Tab not created in customize GUI
ERROR: [Common 17-680] Path length exceeds 260-Byte maximum allowed by Windows: c:/Users/miche/Downloads/ROB307_Drone utilisation agriculture-20210129T200811Z-001/ROB307_Drone utilisation agriculture/NOC_Hanine/NOC3_3/crossbar+zynq/crossbarZynq/axiCrossBar/axiCrossBar.srcs/sources_1/bd/design_1/ip/design_1_rst_ps7_0_100M_0_1/design_1_rst_ps7_0_100M_0.xci
Please consider using the OS subst command to shorten the path length by mapping part of the path to a virtual drive letter. See Answer Record AR52787 for more information.
Resolution: In Windows 7 or later, the mklink command can also be used to create a symbolic link and shorten the path.
CRITICAL WARNING: [IP_Flow 19-196] Failed to save XCI file 'c:/Users/miche/Downloads/ROB307_Drone utilisation agriculture-20210129T200811Z-001/ROB307_Drone utilisation agriculture/NOC_Hanine/NOC3_3/crossbar+zynq/crossbarZynq/axiCrossBar/axiCrossBar.srcs/sources_1/bd/design_1/ip/design_1_rst_ps7_0_100M_0_1/design_1_rst_ps7_0_100M_0.xci'.
CRITICAL WARNING: [IP_Flow 19-194] Failed to save IP instance 'design_1_rst_ps7_0_100M_0'.
Adding component instance block -- xilinx.com:ip:axi_bram_ctrl:4.1 - axi_bram_ctrl_1
INFO: [BD 41-434] Could not find an IP with XCI file by name: design_1_axi_bram_ctrl_0_0 
INFO: [xilinx.com:ip:axi_bram_ctrl:4.1-2] design_1_axi_bram_ctrl_1_0: In IP Integrator, please note that memory depth value gets calculated based on the Data Width of the IP and Address range selected in the Address Editor.Incase a validation error occured on the range of this parameter, please check if the selected Data width and the Address Range are valid. For valid Data width and memory depth values, please refer to the AXI BRAM Controller Product Guide.
INFO: [xilinx.com:ip:axi_bram_ctrl:4.1-1] design_1_axi_bram_ctrl_1_0: In IP Integrator, The Maximum address range supported is 2G. Selecting the address range more than 2G in the address editor may resets the value of Memory depth to default value (1024). please refer to the AXI BRAM Controller Product Guide.
ERROR: [Common 17-680] Path length exceeds 260-Byte maximum allowed by Windows: c:/Users/miche/Downloads/ROB307_Drone utilisation agriculture-20210129T200811Z-001/ROB307_Drone utilisation agriculture/NOC_Hanine/NOC3_3/crossbar+zynq/crossbarZynq/axiCrossBar/axiCrossBar.srcs/sources_1/bd/design_1/ip/design_1_axi_bram_ctrl_1_0/design_1_axi_bram_ctrl_1_0.xci
Please consider using the OS subst command to shorten the path length by mapping part of the path to a virtual drive letter. See Answer Record AR52787 for more information.
Resolution: In Windows 7 or later, the mklink command can also be used to create a symbolic link and shorten the path.
CRITICAL WARNING: [IP_Flow 19-196] Failed to save XCI file 'c:/Users/miche/Downloads/ROB307_Drone utilisation agriculture-20210129T200811Z-001/ROB307_Drone utilisation agriculture/NOC_Hanine/NOC3_3/crossbar+zynq/crossbarZynq/axiCrossBar/axiCrossBar.srcs/sources_1/bd/design_1/ip/design_1_axi_bram_ctrl_1_0/design_1_axi_bram_ctrl_1_0.xci'.
CRITICAL WARNING: [IP_Flow 19-194] Failed to save IP instance 'design_1_axi_bram_ctrl_1_0'.
Adding component instance block -- xilinx.com:ip:axi_bram_ctrl:4.1 - axi_bram_ctrl_0
INFO: [BD 41-434] Could not find an IP with XCI file by name: design_1_axi_bram_ctrl_0_3 
INFO: [xilinx.com:ip:axi_bram_ctrl:4.1-2] design_1_axi_bram_ctrl_0_0: In IP Integrator, please note that memory depth value gets calculated based on the Data Width of the IP and Address range selected in the Address Editor.Incase a validation error occured on the range of this parameter, please check if the selected Data width and the Address Range are valid. For valid Data width and memory depth values, please refer to the AXI BRAM Controller Product Guide.
INFO: [xilinx.com:ip:axi_bram_ctrl:4.1-1] design_1_axi_bram_ctrl_0_0: In IP Integrator, The Maximum address range supported is 2G. Selecting the address range more than 2G in the address editor may resets the value of Memory depth to default value (1024). please refer to the AXI BRAM Controller Product Guide.
ERROR: [Common 17-680] Path length exceeds 260-Byte maximum allowed by Windows: c:/Users/miche/Downloads/ROB307_Drone utilisation agriculture-20210129T200811Z-001/ROB307_Drone utilisation agriculture/NOC_Hanine/NOC3_3/crossbar+zynq/crossbarZynq/axiCrossBar/axiCrossBar.srcs/sources_1/bd/design_1/ip/design_1_axi_bram_ctrl_0_0_1/design_1_axi_bram_ctrl_0_0.xci
Please consider using the OS subst command to shorten the path length by mapping part of the path to a virtual drive letter. See Answer Record AR52787 for more information.
Resolution: In Windows 7 or later, the mklink command can also be used to create a symbolic link and shorten the path.
CRITICAL WARNING: [IP_Flow 19-196] Failed to save XCI file 'c:/Users/miche/Downloads/ROB307_Drone utilisation agriculture-20210129T200811Z-001/ROB307_Drone utilisation agriculture/NOC_Hanine/NOC3_3/crossbar+zynq/crossbarZynq/axiCrossBar/axiCrossBar.srcs/sources_1/bd/design_1/ip/design_1_axi_bram_ctrl_0_0_1/design_1_axi_bram_ctrl_0_0.xci'.
CRITICAL WARNING: [IP_Flow 19-194] Failed to save IP instance 'design_1_axi_bram_ctrl_0_0'.
Adding component instance block -- xilinx.com:ip:axi_bram_ctrl:4.1 - axi_bram_ctrl_2
INFO: [BD 41-434] Could not find an IP with XCI file by name: design_1_axi_bram_ctrl_1_1 
INFO: [xilinx.com:ip:axi_bram_ctrl:4.1-2] design_1_axi_bram_ctrl_2_0: In IP Integrator, please note that memory depth value gets calculated based on the Data Width of the IP and Address range selected in the Address Editor.Incase a validation error occured on the range of this parameter, please check if the selected Data width and the Address Range are valid. For valid Data width and memory depth values, please refer to the AXI BRAM Controller Product Guide.
INFO: [xilinx.com:ip:axi_bram_ctrl:4.1-1] design_1_axi_bram_ctrl_2_0: In IP Integrator, The Maximum address range supported is 2G. Selecting the address range more than 2G in the address editor may resets the value of Memory depth to default value (1024). please refer to the AXI BRAM Controller Product Guide.
ERROR: [Common 17-680] Path length exceeds 260-Byte maximum allowed by Windows: c:/Users/miche/Downloads/ROB307_Drone utilisation agriculture-20210129T200811Z-001/ROB307_Drone utilisation agriculture/NOC_Hanine/NOC3_3/crossbar+zynq/crossbarZynq/axiCrossBar/axiCrossBar.srcs/sources_1/bd/design_1/ip/design_1_axi_bram_ctrl_2_0/design_1_axi_bram_ctrl_2_0.xci
Please consider using the OS subst command to shorten the path length by mapping part of the path to a virtual drive letter. See Answer Record AR52787 for more information.
Resolution: In Windows 7 or later, the mklink command can also be used to create a symbolic link and shorten the path.
CRITICAL WARNING: [IP_Flow 19-196] Failed to save XCI file 'c:/Users/miche/Downloads/ROB307_Drone utilisation agriculture-20210129T200811Z-001/ROB307_Drone utilisation agriculture/NOC_Hanine/NOC3_3/crossbar+zynq/crossbarZynq/axiCrossBar/axiCrossBar.srcs/sources_1/bd/design_1/ip/design_1_axi_bram_ctrl_2_0/design_1_axi_bram_ctrl_2_0.xci'.
CRITICAL WARNING: [IP_Flow 19-194] Failed to save IP instance 'design_1_axi_bram_ctrl_2_0'.
Adding component instance block -- xilinx.com:ip:axi_bram_ctrl:4.1 - axi_bram_ctrl_3
INFO: [BD 41-434] Could not find an IP with XCI file by name: design_1_axi_bram_ctrl_3_0 
INFO: [xilinx.com:ip:axi_bram_ctrl:4.1-2] design_1_axi_bram_ctrl_3_0: In IP Integrator, please note that memory depth value gets calculated based on the Data Width of the IP and Address range selected in the Address Editor.Incase a validation error occured on the range of this parameter, please check if the selected Data width and the Address Range are valid. For valid Data width and memory depth values, please refer to the AXI BRAM Controller Product Guide.
INFO: [xilinx.com:ip:axi_bram_ctrl:4.1-1] design_1_axi_bram_ctrl_3_0: In IP Integrator, The Maximum address range supported is 2G. Selecting the address range more than 2G in the address editor may resets the value of Memory depth to default value (1024). please refer to the AXI BRAM Controller Product Guide.
ERROR: [Common 17-680] Path length exceeds 260-Byte maximum allowed by Windows: c:/Users/miche/Downloads/ROB307_Drone utilisation agriculture-20210129T200811Z-001/ROB307_Drone utilisation agriculture/NOC_Hanine/NOC3_3/crossbar+zynq/crossbarZynq/axiCrossBar/axiCrossBar.srcs/sources_1/bd/design_1/ip/design_1_axi_bram_ctrl_3_0_1/design_1_axi_bram_ctrl_3_0.xci
Please consider using the OS subst command to shorten the path length by mapping part of the path to a virtual drive letter. See Answer Record AR52787 for more information.
Resolution: In Windows 7 or later, the mklink command can also be used to create a symbolic link and shorten the path.
CRITICAL WARNING: [IP_Flow 19-196] Failed to save XCI file 'c:/Users/miche/Downloads/ROB307_Drone utilisation agriculture-20210129T200811Z-001/ROB307_Drone utilisation agriculture/NOC_Hanine/NOC3_3/crossbar+zynq/crossbarZynq/axiCrossBar/axiCrossBar.srcs/sources_1/bd/design_1/ip/design_1_axi_bram_ctrl_3_0_1/design_1_axi_bram_ctrl_3_0.xci'.
CRITICAL WARNING: [IP_Flow 19-194] Failed to save IP instance 'design_1_axi_bram_ctrl_3_0'.
Adding component instance block -- xilinx.com:ip:axi_bram_ctrl:4.1 - axi_bram_ctrl_4
INFO: [BD 41-434] Could not find an IP with XCI file by name: design_1_axi_bram_ctrl_4_0 
INFO: [xilinx.com:ip:axi_bram_ctrl:4.1-2] design_1_axi_bram_ctrl_4_0: In IP Integrator, please note that memory depth value gets calculated based on the Data Width of the IP and Address range selected in the Address Editor.Incase a validation error occured on the range of this parameter, please check if the selected Data width and the Address Range are valid. For valid Data width and memory depth values, please refer to the AXI BRAM Controller Product Guide.
INFO: [xilinx.com:ip:axi_bram_ctrl:4.1-1] design_1_axi_bram_ctrl_4_0: In IP Integrator, The Maximum address range supported is 2G. Selecting the address range more than 2G in the address editor may resets the value of Memory depth to default value (1024). please refer to the AXI BRAM Controller Product Guide.
ERROR: [Common 17-680] Path length exceeds 260-Byte maximum allowed by Windows: c:/Users/miche/Downloads/ROB307_Drone utilisation agriculture-20210129T200811Z-001/ROB307_Drone utilisation agriculture/NOC_Hanine/NOC3_3/crossbar+zynq/crossbarZynq/axiCrossBar/axiCrossBar.srcs/sources_1/bd/design_1/ip/design_1_axi_bram_ctrl_4_0_1/design_1_axi_bram_ctrl_4_0.xci
Please consider using the OS subst command to shorten the path length by mapping part of the path to a virtual drive letter. See Answer Record AR52787 for more information.
Resolution: In Windows 7 or later, the mklink command can also be used to create a symbolic link and shorten the path.
CRITICAL WARNING: [IP_Flow 19-196] Failed to save XCI file 'c:/Users/miche/Downloads/ROB307_Drone utilisation agriculture-20210129T200811Z-001/ROB307_Drone utilisation agriculture/NOC_Hanine/NOC3_3/crossbar+zynq/crossbarZynq/axiCrossBar/axiCrossBar.srcs/sources_1/bd/design_1/ip/design_1_axi_bram_ctrl_4_0_1/design_1_axi_bram_ctrl_4_0.xci'.
CRITICAL WARNING: [IP_Flow 19-194] Failed to save IP instance 'design_1_axi_bram_ctrl_4_0'.
Adding component instance block -- xilinx.com:ip:axi_bram_ctrl:4.1 - axi_bram_ctrl_5
INFO: [BD 41-434] Could not find an IP with XCI file by name: design_1_axi_bram_ctrl_5_0 
INFO: [xilinx.com:ip:axi_bram_ctrl:4.1-2] design_1_axi_bram_ctrl_5_0: In IP Integrator, please note that memory depth value gets calculated based on the Data Width of the IP and Address range selected in the Address Editor.Incase a validation error occured on the range of this parameter, please check if the selected Data width and the Address Range are valid. For valid Data width and memory depth values, please refer to the AXI BRAM Controller Product Guide.
INFO: [xilinx.com:ip:axi_bram_ctrl:4.1-1] design_1_axi_bram_ctrl_5_0: In IP Integrator, The Maximum address range supported is 2G. Selecting the address range more than 2G in the address editor may resets the value of Memory depth to default value (1024). please refer to the AXI BRAM Controller Product Guide.
ERROR: [Common 17-680] Path length exceeds 260-Byte maximum allowed by Windows: c:/Users/miche/Downloads/ROB307_Drone utilisation agriculture-20210129T200811Z-001/ROB307_Drone utilisation agriculture/NOC_Hanine/NOC3_3/crossbar+zynq/crossbarZynq/axiCrossBar/axiCrossBar.srcs/sources_1/bd/design_1/ip/design_1_axi_bram_ctrl_5_0_1/design_1_axi_bram_ctrl_5_0.xci
Please consider using the OS subst command to shorten the path length by mapping part of the path to a virtual drive letter. See Answer Record AR52787 for more information.
Resolution: In Windows 7 or later, the mklink command can also be used to create a symbolic link and shorten the path.
CRITICAL WARNING: [IP_Flow 19-196] Failed to save XCI file 'c:/Users/miche/Downloads/ROB307_Drone utilisation agriculture-20210129T200811Z-001/ROB307_Drone utilisation agriculture/NOC_Hanine/NOC3_3/crossbar+zynq/crossbarZynq/axiCrossBar/axiCrossBar.srcs/sources_1/bd/design_1/ip/design_1_axi_bram_ctrl_5_0_1/design_1_axi_bram_ctrl_5_0.xci'.
CRITICAL WARNING: [IP_Flow 19-194] Failed to save IP instance 'design_1_axi_bram_ctrl_5_0'.
Adding component instance block -- xilinx.com:ip:axi_crossbar:2.1 - axi_crossbar_0
INFO: [BD 41-434] Could not find an IP with XCI file by name: design_1_axi_crossbar_0_0 
ERROR: [Common 17-680] Path length exceeds 260-Byte maximum allowed by Windows: c:/Users/miche/Downloads/ROB307_Drone utilisation agriculture-20210129T200811Z-001/ROB307_Drone utilisation agriculture/NOC_Hanine/NOC3_3/crossbar+zynq/crossbarZynq/axiCrossBar/axiCrossBar.srcs/sources_1/bd/design_1/ip/design_1_axi_crossbar_0_0_1/design_1_axi_crossbar_0_0.xci
Please consider using the OS subst command to shorten the path length by mapping part of the path to a virtual drive letter. See Answer Record AR52787 for more information.
Resolution: In Windows 7 or later, the mklink command can also be used to create a symbolic link and shorten the path.
CRITICAL WARNING: [IP_Flow 19-196] Failed to save XCI file 'c:/Users/miche/Downloads/ROB307_Drone utilisation agriculture-20210129T200811Z-001/ROB307_Drone utilisation agriculture/NOC_Hanine/NOC3_3/crossbar+zynq/crossbarZynq/axiCrossBar/axiCrossBar.srcs/sources_1/bd/design_1/ip/design_1_axi_crossbar_0_0_1/design_1_axi_crossbar_0_0.xci'.
CRITICAL WARNING: [IP_Flow 19-194] Failed to save IP instance 'design_1_axi_crossbar_0_0'.
Adding component instance block -- xilinx.com:ip:axi_gpio:2.0 - axi_gpio_0
INFO: [BD 41-434] Could not find an IP with XCI file by name: design_1_axi_gpio_0_0 
ERROR: [Common 17-680] Path length exceeds 260-Byte maximum allowed by Windows: c:/Users/miche/Downloads/ROB307_Drone utilisation agriculture-20210129T200811Z-001/ROB307_Drone utilisation agriculture/NOC_Hanine/NOC3_3/crossbar+zynq/crossbarZynq/axiCrossBar/axiCrossBar.srcs/sources_1/bd/design_1/ip/design_1_axi_gpio_0_0_1/design_1_axi_gpio_0_0.xci
Please consider using the OS subst command to shorten the path length by mapping part of the path to a virtual drive letter. See Answer Record AR52787 for more information.
Resolution: In Windows 7 or later, the mklink command can also be used to create a symbolic link and shorten the path.
CRITICAL WARNING: [IP_Flow 19-196] Failed to save XCI file 'c:/Users/miche/Downloads/ROB307_Drone utilisation agriculture-20210129T200811Z-001/ROB307_Drone utilisation agriculture/NOC_Hanine/NOC3_3/crossbar+zynq/crossbarZynq/axiCrossBar/axiCrossBar.srcs/sources_1/bd/design_1/ip/design_1_axi_gpio_0_0_1/design_1_axi_gpio_0_0.xci'.
CRITICAL WARNING: [IP_Flow 19-194] Failed to save IP instance 'design_1_axi_gpio_0_0'.
Adding component instance block -- xilinx.com:ip:blk_mem_gen:8.4 - blk_mem_gen_0
INFO: [BD 41-434] Could not find an IP with XCI file by name: design_1_blk_mem_gen_0_0 
ERROR: [Common 17-680] Path length exceeds 260-Byte maximum allowed by Windows: c:/Users/miche/Downloads/ROB307_Drone utilisation agriculture-20210129T200811Z-001/ROB307_Drone utilisation agriculture/NOC_Hanine/NOC3_3/crossbar+zynq/crossbarZynq/axiCrossBar/axiCrossBar.srcs/sources_1/bd/design_1/ip/design_1_blk_mem_gen_0_0_1/design_1_blk_mem_gen_0_0.xci
Please consider using the OS subst command to shorten the path length by mapping part of the path to a virtual drive letter. See Answer Record AR52787 for more information.
Resolution: In Windows 7 or later, the mklink command can also be used to create a symbolic link and shorten the path.
CRITICAL WARNING: [IP_Flow 19-196] Failed to save XCI file 'c:/Users/miche/Downloads/ROB307_Drone utilisation agriculture-20210129T200811Z-001/ROB307_Drone utilisation agriculture/NOC_Hanine/NOC3_3/crossbar+zynq/crossbarZynq/axiCrossBar/axiCrossBar.srcs/sources_1/bd/design_1/ip/design_1_blk_mem_gen_0_0_1/design_1_blk_mem_gen_0_0.xci'.
CRITICAL WARNING: [IP_Flow 19-194] Failed to save IP instance 'design_1_blk_mem_gen_0_0'.
Adding component instance block -- xilinx.com:ip:blk_mem_gen:8.4 - blk_mem_gen_1
INFO: [BD 41-434] Could not find an IP with XCI file by name: design_1_blk_mem_gen_0_1 
ERROR: [Common 17-680] Path length exceeds 260-Byte maximum allowed by Windows: c:/Users/miche/Downloads/ROB307_Drone utilisation agriculture-20210129T200811Z-001/ROB307_Drone utilisation agriculture/NOC_Hanine/NOC3_3/crossbar+zynq/crossbarZynq/axiCrossBar/axiCrossBar.srcs/sources_1/bd/design_1/ip/design_1_blk_mem_gen_1_0_1/design_1_blk_mem_gen_1_0.xci
Please consider using the OS subst command to shorten the path length by mapping part of the path to a virtual drive letter. See Answer Record AR52787 for more information.
Resolution: In Windows 7 or later, the mklink command can also be used to create a symbolic link and shorten the path.
CRITICAL WARNING: [IP_Flow 19-196] Failed to save XCI file 'c:/Users/miche/Downloads/ROB307_Drone utilisation agriculture-20210129T200811Z-001/ROB307_Drone utilisation agriculture/NOC_Hanine/NOC3_3/crossbar+zynq/crossbarZynq/axiCrossBar/axiCrossBar.srcs/sources_1/bd/design_1/ip/design_1_blk_mem_gen_1_0_1/design_1_blk_mem_gen_1_0.xci'.
CRITICAL WARNING: [IP_Flow 19-194] Failed to save IP instance 'design_1_blk_mem_gen_1_0'.
Adding component instance block -- xilinx.com:ip:blk_mem_gen:8.4 - blk_mem_gen_2
ERROR: [Common 17-680] Path length exceeds 260-Byte maximum allowed by Windows: c:/Users/miche/Downloads/ROB307_Drone utilisation agriculture-20210129T200811Z-001/ROB307_Drone utilisation agriculture/NOC_Hanine/NOC3_3/crossbar+zynq/crossbarZynq/axiCrossBar/axiCrossBar.srcs/sources_1/bd/design_1/ip/design_1_blk_mem_gen_2_0/design_1_blk_mem_gen_2_0.xci
Please consider using the OS subst command to shorten the path length by mapping part of the path to a virtual drive letter. See Answer Record AR52787 for more information.
Resolution: In Windows 7 or later, the mklink command can also be used to create a symbolic link and shorten the path.
CRITICAL WARNING: [IP_Flow 19-196] Failed to save XCI file 'c:/Users/miche/Downloads/ROB307_Drone utilisation agriculture-20210129T200811Z-001/ROB307_Drone utilisation agriculture/NOC_Hanine/NOC3_3/crossbar+zynq/crossbarZynq/axiCrossBar/axiCrossBar.srcs/sources_1/bd/design_1/ip/design_1_blk_mem_gen_2_0/design_1_blk_mem_gen_2_0.xci'.
CRITICAL WARNING: [IP_Flow 19-194] Failed to save IP instance 'design_1_blk_mem_gen_2_0'.
Adding component instance block -- xilinx.com:ip:axi_interconnect:2.1 - ps7_0_axi_periph
INFO: [BD 41-434] Could not find an IP with XCI file by name: design_1_ps7_0_axi_periph_0 
ERROR: [Common 17-680] Path length exceeds 248-Byte maximum allowed by Windows: c:/Users/miche/Downloads/ROB307_Drone utilisation agriculture-20210129T200811Z-001/ROB307_Drone utilisation agriculture/NOC_Hanine/NOC3_3/crossbar+zynq/crossbarZynq/axiCrossBar/axiCrossBar.srcs/sources_1/bd/design_1/ip/design_1_ps7_0_axi_periph_0_1
Please consider using the OS subst command to shorten the path length by mapping part of the path to a virtual drive letter. See Answer Record AR52787 for more information.
Resolution: In Windows 7 or later, the mklink command can also be used to create a symbolic link and shorten the path.
open_bd_design: Time (s): cpu = 00:00:07 ; elapsed = 00:00:07 . Memory (MB): peak = 918.586 ; gain = 70.480
ERROR: [Common 17-39] 'open_bd_design' failed due to earlier errors.
exit
INFO: [Common 17-206] Exiting Vivado at Tue Jan 10 21:47:24 2023...
