INFO: [VRFC 10-163] Analyzing VHDL file "C:/Users/leprovo/workspace/coursENSTA/exercices/axiCrossBar/axiCrossBar.sim/sim_1/synth/func/design_tb_func_synth.vhd" into library xil_defaultlib
INFO: [VRFC 10-307] analyzing entity axi_crossbar_v2_1_11_addr_arbiter_sasd
INFO: [VRFC 10-307] analyzing entity axi_crossbar_v2_1_11_decerr_slave
INFO: [VRFC 10-307] analyzing entity axi_crossbar_v2_1_11_splitter
INFO: [VRFC 10-307] analyzing entity \axi_crossbar_v2_1_11_splitter__parameterized0\
INFO: [VRFC 10-307] analyzing entity axi_lite
INFO: [VRFC 10-307] analyzing entity axi_lite_20
INFO: [VRFC 10-307] analyzing entity axi_lite_23
INFO: [VRFC 10-307] analyzing entity axi_register_slice_v2_1_10_axic_register_slice
INFO: [VRFC 10-307] analyzing entity myip_v1_0_M00_AXI
INFO: [VRFC 10-307] analyzing entity myip_v1_0_M00_AXI_1
INFO: [VRFC 10-307] analyzing entity myip_v1_0_M00_AXI_3
INFO: [VRFC 10-307] analyzing entity blk_mem_gen_prim_wrapper
INFO: [VRFC 10-307] analyzing entity blk_mem_gen_prim_wrapper_10
INFO: [VRFC 10-307] analyzing entity blk_mem_gen_prim_wrapper_17
INFO: [VRFC 10-307] analyzing entity \blk_mem_gen_prim_wrapper__parameterized0\
INFO: [VRFC 10-307] analyzing entity \blk_mem_gen_prim_wrapper__parameterized0_16\
INFO: [VRFC 10-307] analyzing entity \blk_mem_gen_prim_wrapper__parameterized0_9\
INFO: [VRFC 10-307] analyzing entity axi_bram_ctrl_top
INFO: [VRFC 10-307] analyzing entity axi_bram_ctrl_top_19
INFO: [VRFC 10-307] analyzing entity axi_bram_ctrl_top_22
INFO: [VRFC 10-307] analyzing entity axi_crossbar_v2_1_11_crossbar_sasd
INFO: [VRFC 10-307] analyzing entity myip_v1_0
INFO: [VRFC 10-307] analyzing entity myip_v1_0_0
INFO: [VRFC 10-307] analyzing entity myip_v1_0_2
INFO: [VRFC 10-307] analyzing entity blk_mem_gen_prim_width
INFO: [VRFC 10-307] analyzing entity blk_mem_gen_prim_width_14
INFO: [VRFC 10-307] analyzing entity blk_mem_gen_prim_width_7
INFO: [VRFC 10-307] analyzing entity \blk_mem_gen_prim_width__parameterized0\
INFO: [VRFC 10-307] analyzing entity \blk_mem_gen_prim_width__parameterized0_15\
INFO: [VRFC 10-307] analyzing entity \blk_mem_gen_prim_width__parameterized0_8\
INFO: [VRFC 10-307] analyzing entity axi_bram_ctrl
INFO: [VRFC 10-307] analyzing entity axi_bram_ctrl_18
INFO: [VRFC 10-307] analyzing entity axi_bram_ctrl_21
INFO: [VRFC 10-307] analyzing entity axi_crossbar_v2_1_11_axi_crossbar
INFO: [VRFC 10-307] analyzing entity design_1_myip_0_0
INFO: [VRFC 10-307] analyzing entity design_1_myip_0_1
INFO: [VRFC 10-307] analyzing entity design_1_myip_1_0
INFO: [VRFC 10-307] analyzing entity blk_mem_gen_generic_cstr
INFO: [VRFC 10-307] analyzing entity blk_mem_gen_generic_cstr_13
INFO: [VRFC 10-307] analyzing entity blk_mem_gen_generic_cstr_6
INFO: [VRFC 10-307] analyzing entity design_1_axi_bram_ctrl_0_0
INFO: [VRFC 10-307] analyzing entity design_1_axi_bram_ctrl_0_1
INFO: [VRFC 10-307] analyzing entity design_1_axi_bram_ctrl_0_2
INFO: [VRFC 10-307] analyzing entity design_1_axi_crossbar_0_1
INFO: [VRFC 10-307] analyzing entity blk_mem_gen_top
INFO: [VRFC 10-307] analyzing entity blk_mem_gen_top_12
INFO: [VRFC 10-307] analyzing entity blk_mem_gen_top_5
INFO: [VRFC 10-307] analyzing entity blk_mem_gen_v8_3_4_synth
INFO: [VRFC 10-307] analyzing entity blk_mem_gen_v8_3_4_synth_11
INFO: [VRFC 10-307] analyzing entity blk_mem_gen_v8_3_4_synth_4
INFO: [VRFC 10-307] analyzing entity blk_mem_gen_v8_3_4
INFO: [VRFC 10-307] analyzing entity \blk_mem_gen_v8_3_4__1\
INFO: [VRFC 10-307] analyzing entity \blk_mem_gen_v8_3_4__2\
INFO: [VRFC 10-307] analyzing entity design_1_blk_mem_gen_0_2
INFO: [VRFC 10-307] analyzing entity design_1_blk_mem_gen_0_3
INFO: [VRFC 10-307] analyzing entity design_1_blk_mem_gen_0_4
INFO: [VRFC 10-307] analyzing entity design_1
INFO: [VRFC 10-307] analyzing entity design_1_wrapper
INFO: [VRFC 10-163] Analyzing VHDL file "C:/Users/leprovo/workspace/coursENSTA/exercices/axiCrossBar/axiCrossBar.srcs/sim_1/new/design_tb.vhd" into library xil_defaultlib
INFO: [VRFC 10-307] analyzing entity design_tb
