#-----------------------------------------------------------
# Webtalk v2019.1 (64-bit)
# SW Build 2552052 on Fri May 24 14:49:42 MDT 2019
# 
# Start of session at: Thu Nov 26 22:59:09 2020
# Process ID: 15616
# Current directory: D:/HANIN/ROB307/crossbarZynq/axiCrossBar/axiCrossBar.sdk/webtalk
# Command line: wbtcv.exe -mode batch -source sdk_webtalk.tcl
# Log file: D:/HANIN/ROB307/crossbarZynq/axiCrossBar/axiCrossBar.sdk/webtalk/webtalk.log
# Journal file: D:/HANIN/ROB307/crossbarZynq/axiCrossBar/axiCrossBar.sdk/webtalk\webtalk.jou
#-----------------------------------------------------------
source sdk_webtalk.tcl
# webtalk_init -webtalk_dir D:\\HANIN\\ROB307\\crossbarZynq\\axiCrossBar\\axiCrossBar.sdk\\webtalk
# webtalk_register_client -client project
# webtalk_add_data -client project -key date_generated -value "2020-11-26 22:59:08" -context "software_version_and_target_device"
# webtalk_add_data -client project -key product_version -value "SDK v2019.1" -context "software_version_and_target_device"
# webtalk_add_data -client project -key build_version -value "2019.1" -context "software_version_and_target_device"
# webtalk_add_data -client project -key os_platform -value "amd64" -context "software_version_and_target_device"
# webtalk_add_data -client project -key registration_id -value "" -context "software_version_and_target_device"
# webtalk_add_data -client project -key tool_flow -value "SDK" -context "software_version_and_target_device"
# webtalk_add_data -client project -key beta -value "false" -context "software_version_and_target_device"
# webtalk_add_data -client project -key route_design -value "NA" -context "software_version_and_target_device"
# webtalk_add_data -client project -key target_family -value "NA" -context "software_version_and_target_device"
# webtalk_add_data -client project -key target_device -value "NA" -context "software_version_and_target_device"
# webtalk_add_data -client project -key target_package -value "NA" -context "software_version_and_target_device"
# webtalk_add_data -client project -key target_speed -value "NA" -context "software_version_and_target_device"
# webtalk_add_data -client project -key random_id -value "qa1eesm4hqteebppnn11cmmj57" -context "software_version_and_target_device"
# webtalk_add_data -client project -key project_id -value "2019.1_42" -context "software_version_and_target_device"
# webtalk_add_data -client project -key project_iteration -value "42" -context "software_version_and_target_device"
# webtalk_add_data -client project -key os_name -value "Microsoft Windows 8 or later , 64-bit" -context "user_environment"
# webtalk_add_data -client project -key os_release -value "major release  (build 9200)" -context "user_environment"
# webtalk_add_data -client project -key cpu_name -value "Intel(R) Core(TM) i7-7700HQ CPU @ 2.80GHz" -context "user_environment"
# webtalk_add_data -client project -key cpu_speed -value "2808 MHz" -context "user_environment"
# webtalk_add_data -client project -key total_processors -value "1" -context "user_environment"
# webtalk_add_data -client project -key system_ram -value "17.059 GB" -context "user_environment"
# webtalk_register_client -client sdk
# webtalk_add_data -client sdk -key uid -value "1606431316506" -context "sdk\\\\hardware/1606431316506"
# webtalk_add_data -client sdk -key isZynq -value "true" -context "sdk\\\\hardware/1606431316506"
# webtalk_add_data -client sdk -key isZynqMP -value "false" -context "sdk\\\\hardware/1606431316506"
# webtalk_add_data -client sdk -key Processors -value "2" -context "sdk\\\\hardware/1606431316506"
# webtalk_add_data -client sdk -key VivadoVersion -value "2019.1" -context "sdk\\\\hardware/1606431316506"
# webtalk_add_data -client sdk -key Arch -value "zynq" -context "sdk\\\\hardware/1606431316506"
# webtalk_add_data -client sdk -key Device -value "7z020" -context "sdk\\\\hardware/1606431316506"
# webtalk_add_data -client sdk -key IsHandoff -value "true" -context "sdk\\\\hardware/1606431316506"
# webtalk_add_data -client sdk -key os -value "NA" -context "sdk\\\\hardware/1606431316506"
# webtalk_add_data -client sdk -key apptemplate -value "NA" -context "sdk\\\\hardware/1606431316506"
# webtalk_add_data -client sdk -key RecordType -value "HWCreation" -context "sdk\\\\hardware/1606431316506"
# webtalk_add_data -client sdk -key uid -value "NA" -context "sdk\\\\bsp/1606431548425"
# webtalk_add_data -client sdk -key RecordType -value "ToolUsage" -context "sdk\\\\bsp/1606431548425"
# webtalk_add_data -client sdk -key BootgenCount -value "0" -context "sdk\\\\bsp/1606431548425"
# webtalk_add_data -client sdk -key DebugCount -value "0" -context "sdk\\\\bsp/1606431548425"
# webtalk_add_data -client sdk -key PerfCount -value "0" -context "sdk\\\\bsp/1606431548425"
# webtalk_add_data -client sdk -key FlashCount -value "0" -context "sdk\\\\bsp/1606431548425"
# webtalk_add_data -client sdk -key CrossTriggCount -value "0" -context "sdk\\\\bsp/1606431548425"
# webtalk_add_data -client sdk -key QemuDebugCount -value "0" -context "sdk\\\\bsp/1606431548425"
# webtalk_transmit -clientid 4183555008 -regid "" -xml D:\\HANIN\\ROB307\\crossbarZynq\\axiCrossBar\\axiCrossBar.sdk\\webtalk\\usage_statistics_ext_sdk.xml -html D:\\HANIN\\ROB307\\crossbarZynq\\axiCrossBar\\axiCrossBar.sdk\\webtalk\\usage_statistics_ext_sdk.html -wdm D:\\HANIN\\ROB307\\crossbarZynq\\axiCrossBar\\axiCrossBar.sdk\\webtalk\\sdk_webtalk.wdm -intro "<H3>SDK Usage Report</H3><BR>"
webtalk_transmit: Time (s): cpu = 00:00:00 ; elapsed = 00:00:06 . Memory (MB): peak = 86.063 ; gain = 0.000
# webtalk_terminate
INFO: [Common 17-206] Exiting Webtalk at Thu Nov 26 22:59:17 2020...
