INFO: [VRFC 10-2263] Analyzing Verilog file "C:/Users/leprovo/workspace/coursENSTA/exerciceCrossbar/axiCrossBar/axiCrossBar.ip_user_files/bd/design_1/ip/design_1_axi_crossbar_0_0/sim/design_1_axi_crossbar_0_0.v" into library xil_defaultlib
INFO: [VRFC 10-311] analyzing module design_1_axi_crossbar_0_0
INFO: [VRFC 10-2263] Analyzing Verilog file "C:/Users/leprovo/workspace/coursENSTA/exerciceCrossbar/axiCrossBar/axiCrossBar.ip_user_files/bd/design_1/ip/design_1_blk_mem_gen_0_0/sim/design_1_blk_mem_gen_0_0.v" into library xil_defaultlib
INFO: [VRFC 10-311] analyzing module design_1_blk_mem_gen_0_0
INFO: [VRFC 10-2263] Analyzing Verilog file "C:/Users/leprovo/workspace/coursENSTA/exerciceCrossbar/axiCrossBar/axiCrossBar.ip_user_files/bd/design_1/ip/design_1_blk_mem_gen_0_1/sim/design_1_blk_mem_gen_0_1.v" into library xil_defaultlib
INFO: [VRFC 10-311] analyzing module design_1_blk_mem_gen_0_1
INFO: [VRFC 10-2263] Analyzing Verilog file "C:/Users/leprovo/workspace/coursENSTA/exerciceCrossbar/axiCrossBar/axiCrossBar.ip_user_files/bd/design_1/ip/design_1_blk_mem_gen_1_0/sim/design_1_blk_mem_gen_1_0.v" into library xil_defaultlib
INFO: [VRFC 10-311] analyzing module design_1_blk_mem_gen_1_0
INFO: [VRFC 10-2263] Analyzing Verilog file "C:/Users/leprovo/workspace/coursENSTA/exerciceCrossbar/axiCrossBar/axiCrossBar.sim/sim_1/behav/glbl.v" into library xil_defaultlib
INFO: [VRFC 10-311] analyzing module glbl
INFO: [VRFC 10-163] Analyzing VHDL file "C:/Users/leprovo/workspace/coursENSTA/exerciceCrossbar/axiCrossBar/axiCrossBar.ip_user_files/bd/design_1/ipshared/47ff/hdl/myipAxi4_v1_0_M00_AXI.vhd" into library xil_defaultlib
INFO: [VRFC 10-307] analyzing entity myipAxi4_v1_0_M00_AXI
INFO: [VRFC 10-163] Analyzing VHDL file "C:/Users/leprovo/workspace/coursENSTA/exerciceCrossbar/axiCrossBar/axiCrossBar.ip_user_files/bd/design_1/ipshared/47ff/hdl/myipAxi4_v1_0.vhd" into library xil_defaultlib
INFO: [VRFC 10-307] analyzing entity myipAxi4_v1_0
INFO: [VRFC 10-163] Analyzing VHDL file "C:/Users/leprovo/workspace/coursENSTA/exerciceCrossbar/axiCrossBar/axiCrossBar.ip_user_files/bd/design_1/ip/design_1_myipAxi4_0_1/sim/design_1_myipAxi4_0_1.vhd" into library xil_defaultlib
INFO: [VRFC 10-307] analyzing entity design_1_myipAxi4_0_1
INFO: [VRFC 10-163] Analyzing VHDL file "C:/Users/leprovo/workspace/coursENSTA/exerciceCrossbar/axiCrossBar/axiCrossBar.ip_user_files/bd/design_1/ip/design_1_myipAxi4_1_0/sim/design_1_myipAxi4_1_0.vhd" into library xil_defaultlib
INFO: [VRFC 10-307] analyzing entity design_1_myipAxi4_1_0
INFO: [VRFC 10-163] Analyzing VHDL file "C:/Users/leprovo/workspace/coursENSTA/exerciceCrossbar/axiCrossBar/axiCrossBar.ip_user_files/bd/design_1/ip/design_1_myipAxi4_2_0/sim/design_1_myipAxi4_2_0.vhd" into library xil_defaultlib
INFO: [VRFC 10-307] analyzing entity design_1_myipAxi4_2_0
INFO: [VRFC 10-163] Analyzing VHDL file "C:/Users/leprovo/workspace/coursENSTA/exerciceCrossbar/axiCrossBar/axiCrossBar.ip_user_files/bd/design_1/ip/design_1_axi_bram_ctrl_0_3/sim/design_1_axi_bram_ctrl_0_3.vhd" into library xil_defaultlib
INFO: [VRFC 10-307] analyzing entity design_1_axi_bram_ctrl_0_3
INFO: [VRFC 10-163] Analyzing VHDL file "C:/Users/leprovo/workspace/coursENSTA/exerciceCrossbar/axiCrossBar/axiCrossBar.ip_user_files/bd/design_1/ip/design_1_axi_bram_ctrl_0_0/sim/design_1_axi_bram_ctrl_0_0.vhd" into library xil_defaultlib
INFO: [VRFC 10-307] analyzing entity design_1_axi_bram_ctrl_0_0
INFO: [VRFC 10-163] Analyzing VHDL file "C:/Users/leprovo/workspace/coursENSTA/exerciceCrossbar/axiCrossBar/axiCrossBar.ip_user_files/bd/design_1/ip/design_1_axi_bram_ctrl_1_1/sim/design_1_axi_bram_ctrl_1_1.vhd" into library xil_defaultlib
INFO: [VRFC 10-307] analyzing entity design_1_axi_bram_ctrl_1_1
INFO: [VRFC 10-163] Analyzing VHDL file "C:/Users/leprovo/workspace/coursENSTA/exerciceCrossbar/axiCrossBar/axiCrossBar.ip_user_files/bd/design_1/hdl/design_1.vhd" into library xil_defaultlib
INFO: [VRFC 10-307] analyzing entity design_1
INFO: [VRFC 10-163] Analyzing VHDL file "C:/Users/leprovo/workspace/coursENSTA/exerciceCrossbar/axiCrossBar/axiCrossBar.srcs/sources_1/bd/design_1/hdl/design_1_wrapper.vhd" into library xil_defaultlib
INFO: [VRFC 10-307] analyzing entity design_1_wrapper
INFO: [VRFC 10-163] Analyzing VHDL file "C:/Users/leprovo/workspace/coursENSTA/exerciceCrossbar/axiCrossBar/axiCrossBar.srcs/sim_1/new/design_tb.vhd" into library xil_defaultlib
INFO: [VRFC 10-307] analyzing entity design_tb
